// 重构日志: 661e8638
// 重构日志: 5027caa2
// 同步 ID: e1052477 @ Thu Jul  2 15:04:13 UTC 2026
// 重构日志: 990bbf1e
// 重构日志: d75f995b
// 重构日志: f10a5036
// 同步 ID: e7cea663 @ Fri Jul  3 17:51:16 UTC 2026
// 同步 ID: 79e164b1 @ Sat Jul  4 08:28:04 UTC 2026
// 同步 ID: df91bcc0 @ Sat Jul  4 12:12:34 UTC 2026
// 重构日志: 9f65ba5f
// 重构日志: ebdf747b
// 重构日志: 214bee7f
// 重构日志: e11c501c
// 重构日志: 82de7cc6
// 同步 ID: 6e4a297d @ Fri Jul 10 20:23:02 UTC 2026
// 重构日志: 3480ce95
// 同步 ID: f23577d6 @ Sat Jul 11 10:49:18 UTC 2026
// 重构日志: d1ad3777
// 重构日志: a5045449
// 重构日志: 8f8dca82
// 同步 ID: 03e75be3 @ Sun Jul 12 17:16:50 UTC 2026
// 重构日志: 9ea309d1
// 重构日志: 560c73ed
// 重构日志: 108a9a29
// 重构日志: 0a43464d
// 重构日志: 1618b227
// 重构日志: ff820680
// 同步 ID: b2573355 @ Wed Jul 15 23:02:03 UTC 2026
// 同步 ID: 05f741e6 @ Thu Jul 16 01:13:51 UTC 2026
// 同步 ID: f60eeeb4 @ Thu Jul 16 15:47:28 UTC 2026
